生成启动时间为 2015-8-11 17:11:11。
     1>项目“\\psf\Home\Desktop\Interactive Image Segmentation\src\ImgSegmentation.vcxproj”在节点 2 上(Rebuild 个目标)。
     1>ClCompile:
         C:\Program Files\Microsoft Visual Studio 12.0\VC\bin\CL.exe /c /ZI /nologo /W3 /WX- /Od /Oy- /D WIN32 /D _DEBUG /D _CONSOLE /D _MBCS /Gm /EHsc /RTC1 /MDd /GS /fp:precise /Zc:wchar_t /Zc:forScope /Fo"Debug\\" /Fd"Debug\vc120.pdb" /Gd /TP /analyze- /errorReport:prompt maxflow\graph.cpp maxflow\maxflow.cpp src\ImgSegment.cpp src\main.cpp
         main.cpp
     1>c:\program files\opencv\opencv\build\include\opencv2\flann\logger.h(66): warning C4996: 'fopen': This function or variable may be unsafe. Consider using fopen_s instead. To disable deprecation, use _CRT_SECURE_NO_WARNINGS. See online help for details.
                 c:\program files\microsoft visual studio 12.0\vc\include\stdio.h(211) : 参见“fopen”的声明
     1>c:\program files\opencv\opencv\build\include\opencv2\legacy\blobtrack.hpp(187): warning C4996: 'strcpy': This function or variable may be unsafe. Consider using strcpy_s instead. To disable deprecation, use _CRT_SECURE_NO_WARNINGS. See online help for details.
                 c:\program files\microsoft visual studio 12.0\vc\include\string.h(112) : 参见“strcpy”的声明
     1>c:\program files\opencv\opencv\build\include\opencv2\legacy\blobtrack.hpp(256): warning C4996: 'strcat': This function or variable may be unsafe. Consider using strcat_s instead. To disable deprecation, use _CRT_SECURE_NO_WARNINGS. See online help for details.
                 c:\program files\microsoft visual studio 12.0\vc\include\string.h(118) : 参见“strcat”的声明
     1>\\psf\home\desktop\interactive image segmentation\src\src\main.cpp(133): warning C4244: “初始化”: 从“double”转换到“int”，可能丢失数据
     1>\\psf\home\desktop\interactive image segmentation\src\src\main.cpp(134): warning C4244: “参数”: 从“const double”转换到“int”，可能丢失数据
     1>\\psf\home\desktop\interactive image segmentation\src\src\main.cpp(135): warning C4244: “=”: 从“double”转换到“int”，可能丢失数据
     1>\\psf\home\desktop\interactive image segmentation\src\src\main.cpp(136): warning C4244: “参数”: 从“const double”转换到“int”，可能丢失数据
     1>\\psf\home\desktop\interactive image segmentation\src\src\main.cpp(196): warning C4996: 'sprintf': This function or variable may be unsafe. Consider using sprintf_s instead. To disable deprecation, use _CRT_SECURE_NO_WARNINGS. See online help for details.
                 c:\program files\microsoft visual studio 12.0\vc\include\stdio.h(356) : 参见“sprintf”的声明
     1>\\psf\home\desktop\interactive image segmentation\src\src\main.cpp(197): warning C4996: 'sprintf': This function or variable may be unsafe. Consider using sprintf_s instead. To disable deprecation, use _CRT_SECURE_NO_WARNINGS. See online help for details.
                 c:\program files\microsoft visual studio 12.0\vc\include\stdio.h(356) : 参见“sprintf”的声明
         ImgSegment.cpp
     1>\\psf\home\desktop\interactive image segmentation\src\src\imgsegment.cpp(57): warning C4101: “a”: 未引用的局部变量
     1>\\psf\home\desktop\interactive image segmentation\src\src\imgsegment.cpp(57): warning C4101: “b”: 未引用的局部变量
     1>\\psf\home\desktop\interactive image segmentation\src\src\imgsegment.cpp(258): warning C4101: “k”: 未引用的局部变量
     1>\\psf\home\desktop\interactive image segmentation\src\src\imgsegment.cpp(258): warning C4101: “j”: 未引用的局部变量
         maxflow.cpp
         graph.cpp
         正在生成代码...
       Link:
         C:\Program Files\Microsoft Visual Studio 12.0\VC\bin\link.exe /ERRORREPORT:PROMPT /OUT:"\\psf\Home\Desktop\Interactive Image Segmentation\src\Debug\ImgSegmentation.exe" /INCREMENTAL /NOLOGO opencv_ml249d.lib opencv_calib3d249d.lib opencv_contrib249d.lib opencv_core249d.lib opencv_features2d249d.lib opencv_flann249d.lib opencv_gpu249d.lib opencv_highgui249d.lib opencv_imgproc249d.lib opencv_legacy249d.lib opencv_objdetect249d.lib opencv_ts249d.lib opencv_video249d.lib opencv_nonfree249d.lib opencv_ocl249d.lib opencv_photo249d.lib opencv_stitching249d.lib opencv_superres249d.lib opencv_videostab249d.lib gdiplus.lib kernel32.lib user32.lib gdi32.lib winspool.lib comdlg32.lib advapi32.lib shell32.lib ole32.lib oleaut32.lib uuid.lib odbc32.lib odbccp32.lib /MANIFEST /MANIFESTUAC:"level='asInvoker' uiAccess='false'" /manifest:embed /DEBUG /PDB:"\\psf\Home\Desktop\Interactive Image Segmentation\src\Debug\ImgSegmentation.pdb" /SUBSYSTEM:CONSOLE /TLBID:1 /DYNAMICBASE /NXCOMPAT /IMPLIB:"\\psf\Home\Desktop\Interactive Image Segmentation\src\Debug\ImgSegmentation.lib" /MACHINE:X86 /SAFESEH Debug\graph.obj
         Debug\maxflow.obj
         Debug\ImgSegment.obj
         Debug\main.obj
     1>graph.obj : warning LNK4075: 忽略“/EDITANDCONTINUE”(由于“/SAFESEH”规范)
         ImgSegmentation.vcxproj -> \\psf\Home\Desktop\Interactive Image Segmentation\src\Debug\ImgSegmentation.exe
     1>已完成生成项目“\\psf\Home\Desktop\Interactive Image Segmentation\src\ImgSegmentation.vcxproj”(Rebuild 个目标)的操作。

生成成功。

已用时间 00:00:05.79
